[ 2025-11-11 17:05:04,325 ] 21 root - INFO - Initiate the data ingestion
[ 2025-11-11 17:05:13,884 ] 65 root - INFO - Performed train test split on the dataframe
[ 2025-11-11 17:05:13,885 ] 67 root - INFO - Exited split_data_as_train_test method of Data_Ingestion class
[ 2025-11-11 17:05:13,885 ] 75 root - INFO - Exporting train and test file path.
[ 2025-11-11 17:05:13,928 ] 84 root - INFO - Exported train and test file path.
[ 2025-11-11 17:05:13,928 ] 23 root - INFO - Data Initiation Completed
[ 2025-11-11 17:05:13,933 ] 27 root - INFO - Initiate the data Validation
[ 2025-11-11 17:05:14,037 ] 32 root - INFO - Required number of columns:2
[ 2025-11-11 17:05:14,037 ] 33 root - INFO - Data frame has columns:31
[ 2025-11-11 17:05:14,050 ] 32 root - INFO - Required number of columns:2
[ 2025-11-11 17:05:14,050 ] 33 root - INFO - Data frame has columns:31
[ 2025-11-11 17:05:14,170 ] 29 root - INFO - data Validation Completed
[ 2025-11-11 17:05:14,170 ] 32 root - INFO - data Transformation started
[ 2025-11-11 17:05:14,170 ] 63 root - INFO - Entered initiate_data_transformation method of DataTransformation class
[ 2025-11-11 17:05:14,170 ] 65 root - INFO - Starting data transformation
[ 2025-11-11 17:05:14,189 ] 48 root - INFO - Entered get_data_trnasformer_object method of Trnasformation class
[ 2025-11-11 17:05:14,189 ] 53 root - INFO - Initialise KNNImputer with {'missing_values': nan, 'n_neighbors': 3, 'weights': 'uniform'}
[ 2025-11-11 17:05:14,212 ] 46 root - INFO - Entered the save_object method of MainUtils class
[ 2025-11-11 17:05:14,215 ] 50 root - INFO - Exited the save_object method of MainUtils class
[ 2025-11-11 17:05:14,215 ] 46 root - INFO - Entered the save_object method of MainUtils class
[ 2025-11-11 17:05:14,219 ] 50 root - INFO - Exited the save_object method of MainUtils class
[ 2025-11-11 17:05:14,220 ] 36 root - INFO - data Transformation completed
[ 2025-11-11 17:05:14,220 ] 38 root - INFO - Model Training started
[ 2025-11-11 17:07:57,619 ] 46 root - INFO - Entered the save_object method of MainUtils class
[ 2025-11-11 17:07:57,663 ] 50 root - INFO - Exited the save_object method of MainUtils class
[ 2025-11-11 17:08:23,495 ] 868 urllib3.connectionpool - WARNING - Retrying (Retry(total=6, connect=7, read=6, redirect=7, status=7)) after connection broken by 'ConnectionAbortedError(10053, 'An established connection was aborted by the software in your host machine', None, 10053, None)': /abhayryad/Network-Security-MLOPS.mlflow/api/2.0/mlflow-artifacts/artifacts/8580f9b918184e4b9e6cafd8b2659e4a/6546a3db2b2a4efbba9725a5a1fea7e3/artifacts/model/model
[ 2025-11-11 17:08:58,549 ] 868 urllib3.connectionpool - WARNING - Retrying (Retry(total=5, connect=7, read=5, redirect=7, status=7)) after connection broken by 'ConnectionResetError(10054, 'An existing connection was forcibly closed by the remote host', None, 10054, None)': /abhayryad/Network-Security-MLOPS.mlflow/api/2.0/mlflow-artifacts/artifacts/8580f9b918184e4b9e6cafd8b2659e4a/6546a3db2b2a4efbba9725a5a1fea7e3/artifacts/model/model
