[ 2025-11-11 19:25:45,066 ] 42 root - INFO - Start data Ingestion
[ 2025-11-11 19:25:52,614 ] 65 root - INFO - Performed train test split on the dataframe
[ 2025-11-11 19:25:52,614 ] 67 root - INFO - Exited split_data_as_train_test method of Data_Ingestion class
[ 2025-11-11 19:25:52,615 ] 75 root - INFO - Exporting train and test file path.
[ 2025-11-11 19:25:52,688 ] 84 root - INFO - Exported train and test file path.
[ 2025-11-11 19:25:52,689 ] 45 root - INFO - Data Ingestion completed and artifact: DataIngestionArtifact(trained_file_path='Artifacts\\11_11_2025_19_25_25\\data_ingestion\\ingested\\train.csv', test_file_path='Artifacts\\11_11_2025_19_25_25\\data_ingestion\\ingested\\test.csv')
[ 2025-11-11 19:25:52,696 ] 55 root - INFO - Initiate the data Validation
[ 2025-11-11 19:25:52,763 ] 32 root - INFO - Required number of columns:2
[ 2025-11-11 19:25:52,763 ] 33 root - INFO - Data frame has columns:31
[ 2025-11-11 19:25:52,764 ] 32 root - INFO - Required number of columns:2
[ 2025-11-11 19:25:52,764 ] 33 root - INFO - Data frame has columns:31
[ 2025-11-11 19:25:52,925 ] 63 root - INFO - Entered initiate_data_transformation method of DataTransformation class
[ 2025-11-11 19:25:52,925 ] 65 root - INFO - Starting data transformation
[ 2025-11-11 19:25:52,951 ] 48 root - INFO - Entered get_data_trnasformer_object method of Trnasformation class
[ 2025-11-11 19:25:52,951 ] 53 root - INFO - Initialise KNNImputer with {'missing_values': nan, 'n_neighbors': 3, 'weights': 'uniform'}
[ 2025-11-11 19:25:52,965 ] 46 root - INFO - Entered the save_object method of MainUtils class
[ 2025-11-11 19:25:52,968 ] 54 root - INFO - Exited the save_object method of MainUtils class
[ 2025-11-11 19:25:52,968 ] 46 root - INFO - Entered the save_object method of MainUtils class
[ 2025-11-11 19:25:52,971 ] 54 root - INFO - Exited the save_object method of MainUtils class
[ 2025-11-11 19:29:26,865 ] 46 root - INFO - Entered the save_object method of MainUtils class
[ 2025-11-11 19:29:26,893 ] 54 root - INFO - Exited the save_object method of MainUtils class
[ 2025-11-11 19:29:43,201 ] 72 root - INFO - MLflow model and metrics successfully tracked.
[ 2025-11-11 19:29:44,446 ] 46 root - INFO - Entered the save_object method of MainUtils class
[ 2025-11-11 19:29:44,476 ] 54 root - INFO - Exited the save_object method of MainUtils class
[ 2025-11-11 19:29:44,476 ] 46 root - INFO - Entered the save_object method of MainUtils class
[ 2025-11-11 19:29:44,503 ] 54 root - INFO - Exited the save_object method of MainUtils class
[ 2025-11-11 19:29:44,503 ] 141 root - INFO - Model trainer artifact: ModelTrainerArtifact(trained_model_file_path='Artifacts\\11_11_2025_19_25_25\\model_trainer\\trained_model\\model.pkl', train_metric_artifact=ClassificationMetricArtifact(f1_score=0.9912094574113368, precision_score=0.9889112903225806, recall_score=0.9935183309702248), test_metric_artifact=ClassificationMetricArtifact(f1_score=0.9788617886178862, precision_score=0.9709677419354839, recall_score=0.9868852459016394))
