[ 2025-11-11 17:44:38,814 ] 21 root - INFO - Initiate the data ingestion
[ 2025-11-11 17:44:57,913 ] 65 root - INFO - Performed train test split on the dataframe
[ 2025-11-11 17:44:57,913 ] 67 root - INFO - Exited split_data_as_train_test method of Data_Ingestion class
[ 2025-11-11 17:44:57,914 ] 75 root - INFO - Exporting train and test file path.
[ 2025-11-11 17:44:57,955 ] 84 root - INFO - Exported train and test file path.
[ 2025-11-11 17:44:57,956 ] 23 root - INFO - Data Initiation Completed
[ 2025-11-11 17:44:57,961 ] 27 root - INFO - Initiate the data Validation
[ 2025-11-11 17:44:58,023 ] 32 root - INFO - Required number of columns:2
[ 2025-11-11 17:44:58,023 ] 33 root - INFO - Data frame has columns:31
[ 2025-11-11 17:44:58,024 ] 32 root - INFO - Required number of columns:2
[ 2025-11-11 17:44:58,024 ] 33 root - INFO - Data frame has columns:31
[ 2025-11-11 17:44:58,124 ] 29 root - INFO - data Validation Completed
[ 2025-11-11 17:44:58,124 ] 32 root - INFO - data Transformation started
[ 2025-11-11 17:44:58,124 ] 63 root - INFO - Entered initiate_data_transformation method of DataTransformation class
[ 2025-11-11 17:44:58,124 ] 65 root - INFO - Starting data transformation
[ 2025-11-11 17:44:58,144 ] 48 root - INFO - Entered get_data_trnasformer_object method of Trnasformation class
[ 2025-11-11 17:44:58,145 ] 53 root - INFO - Initialise KNNImputer with {'missing_values': nan, 'n_neighbors': 3, 'weights': 'uniform'}
[ 2025-11-11 17:44:58,156 ] 46 root - INFO - Entered the save_object method of MainUtils class
[ 2025-11-11 17:44:58,159 ] 54 root - INFO - Exited the save_object method of MainUtils class
[ 2025-11-11 17:44:58,159 ] 46 root - INFO - Entered the save_object method of MainUtils class
[ 2025-11-11 17:44:58,161 ] 54 root - INFO - Exited the save_object method of MainUtils class
[ 2025-11-11 17:44:58,162 ] 36 root - INFO - data Transformation completed
[ 2025-11-11 17:44:58,162 ] 38 root - INFO - Model Training started
[ 2025-11-11 17:47:38,099 ] 868 urllib3.connectionpool - WARNING - Retrying (Retry(total=6, connect=7, read=7, redirect=7, status=7)) after connection broken by 'SSLError(SSLEOFError(8, '[SSL: UNEXPECTED_EOF_WHILE_READING] EOF occurred in violation of protocol (_ssl.c:1035)'))': /abhayryad/Network-Security-MLOPS.mlflow/api/2.0/mlflow/runs/create
[ 2025-11-11 17:48:02,874 ] 46 root - INFO - Entered the save_object method of MainUtils class
[ 2025-11-11 17:48:02,920 ] 54 root - INFO - Exited the save_object method of MainUtils class
[ 2025-11-11 17:48:37,293 ] 868 urllib3.connectionpool - WARNING - Retrying (Retry(total=6, connect=7, read=6, redirect=7, status=7)) after connection broken by 'ConnectionAbortedError(10053, 'An established connection was aborted by the software in your host machine', None, 10053, None)': /abhayryad/Network-Security-MLOPS.mlflow/api/2.0/mlflow-artifacts/artifacts/8580f9b918184e4b9e6cafd8b2659e4a/2af45d904d484d1ab16a436f431a7d92/artifacts/model/model
[ 2025-11-11 17:50:28,220 ] 69 root - INFO - MLflow model and metrics successfully tracked.
[ 2025-11-11 17:50:29,423 ] 46 root - INFO - Entered the save_object method of MainUtils class
